
[Sat, 14 Jan 2017 17:30:35 -0400] #0 C:\xampp\htdocs\leandro\funciones\conex.php(73): mysqli->prepare('UPDATE producto...')
#1 C:\xampp\htdocs\leandro\funciones\productos.php(139): Query::prun('UPDATE producto...', Array)
#2 C:\xampp\htdocs\leandro\funciones\productos.php(193): Productos->edit(5, 'Calcomania', 'Serie popular p...', '')
#3 {main}
Unknown column 'idpersona' in 'where clause'
[Sat, 14 Jan 2017 17:33:45 -0400] #0 C:\xampp\htdocs\leandro\funciones\conex.php(73): mysqli->prepare('UPDATE producto...')
#1 C:\xampp\htdocs\leandro\funciones\productos.php(139): Query::prun('UPDATE producto...', Array)
#2 C:\xampp\htdocs\leandro\funciones\productos.php(193): Productos->edit(5, 'Calcomania', 'Pokemon', '1')
#3 {main}
Unknown column 'idpersona' in 'where clause'
[Sat, 14 Jan 2017 17:34:34 -0400] #0 C:\xampp\htdocs\leandro\funciones\conex.php(73): mysqli->prepare('UPDATE producto...')
#1 C:\xampp\htdocs\leandro\funciones\productos.php(139): Query::prun('UPDATE producto...', Array)
#2 C:\xampp\htdocs\leandro\funciones\productos.php(193): Productos->edit('2', 'Calcomania', 'pokemon', '1')
#3 {main}
Unknown column 'idpersona' in 'where clause'
[Sat, 14 Jan 2017 17:35:21 -0400] #0 C:\xampp\htdocs\leandro\funciones\conex.php(73): mysqli->prepare('UPDATE producto...')
#1 C:\xampp\htdocs\leandro\funciones\productos.php(139): Query::prun('UPDATE producto...', Array)
#2 C:\xampp\htdocs\leandro\funciones\productos.php(192): Productos->edit('2', 'Calcomania', 'pokemon', '1')
#3 {main}
Unknown column 'nombre' in 'field list'
[Sat, 14 Jan 2017 17:36:07 -0400] #0 C:\xampp\htdocs\leandro\funciones\conex.php(73): mysqli->prepare('UPDATE producto...')
#1 C:\xampp\htdocs\leandro\funciones\productos.php(139): Query::prun('UPDATE producto...', Array)
#2 C:\xampp\htdocs\leandro\funciones\productos.php(192): Productos->edit('2', 'Calcomania', 'pokemon', '1')
#3 {main}
Unknown column 'categoria' in 'field list'